Build started 7/11/2014 1:08:06 PM.
     1>Project "D:\VisualStudio\C++\BST\BST\BST\BST.vcxproj" on node 2 (build target(s)).
     1>InitializeBuildStatus:
         Creating "Release\BST.unsuccessfulbuild" because "AlwaysCreate" was specified.
       ClCompile:
         c:\Program Files (x86)\Microsoft Visual Studio 10.0\VC\bin\CL.exe /c /Zi /nologo /W3 /WX- /O2 /Oi /Oy- /GL /D _MBCS /Gm- /EHsc /MD /GS /Gy /fp:precise /Zc:wchar_t /Zc:forScope /Fo"Release\\" /Fd"Release\vc100.pdb" /Gd /TP /analyze- /errorReport:prompt main.cpp
         main.cpp
     1>main.cpp(140): warning C4101: 'temp' : unreferenced local variable
     1>main.cpp(666): warning C4996: 'getch': The POSIX name for this item is deprecated. Instead, use the ISO C++ conformant name: _getch. See online help for details.
                 c:\Program Files (x86)\Microsoft Visual Studio 10.0\VC\include\conio.h(128) : see declaration of 'getch'
       Link:
         c:\Program Files (x86)\Microsoft Visual Studio 10.0\VC\bin\link.exe /ERRORREPORT:PROMPT /OUT:"D:\VisualStudio\C++\BST\BST\Release\BST.exe" /NOLOGO kernel32.lib user32.lib gdi32.lib winspool.lib comdlg32.lib advapi32.lib shell32.lib ole32.lib oleaut32.lib uuid.lib odbc32.lib odbccp32.lib /MANIFEST /ManifestFile:"Release\BST.exe.intermediate.manifest" /MANIFESTUAC:"level='asInvoker' uiAccess='false'" /DEBUG /PDB:"D:\VisualStudio\C++\BST\BST\Release\BST.pdb" /OPT:REF /OPT:ICF /LTCG /TLBID:1 /DYNAMICBASE /NXCOMPAT /IMPLIB:"D:\VisualStudio\C++\BST\BST\Release\BST.lib" /MACHINE:X86 Release\main.obj
         Generating code
         Finished generating code
         BST.vcxproj -> D:\VisualStudio\C++\BST\BST\Release\BST.exe
       Manifest:
         C:\Program Files (x86)\Microsoft SDKs\Windows\v7.0A\bin\mt.exe /nologo /verbose /outputresource:"D:\VisualStudio\C++\BST\BST\Release\BST.exe;#1" /manifest Release\BST.exe.intermediate.manifest
       FinalizeBuildStatus:
         Deleting file "Release\BST.unsuccessfulbuild".
         Touching "Release\BST.lastbuildstate".
     1>Done Building Project "D:\VisualStudio\C++\BST\BST\BST\BST.vcxproj" (build target(s)).

Build succeeded.

Time Elapsed 00:00:03.26
